<?xml version="1.0" encoding="UTF-8"?>
<robot generator="Robot 4.0.3 (Python 3.9.0 on win32)" generated="20210629 06:46:35.268" rpa="false" schemaversion="2">
<suite id="s1" name="Scratch" source="C:\Users\krmit\PycharmProjects\PythonLearn\scratch.robot">
<test id="s1-t1" name="Suite setup">
<kw name="Set Selenium Speed" library="SeleniumLibrary">
<arg>2</arg>
<doc>Sets the delay that is waited after each Selenium command.</doc>
<status status="PASS" starttime="20210629 06:46:35.647" endtime="20210629 06:46:35.649"/>
</kw>
<kw name="Open Browser" library="SeleniumLibrary">
<arg>http://thedemosite.co.uk/</arg>
<doc>Opens a new browser instance to the optional ``url``.</doc>
<msg timestamp="20210629 06:46:35.650" level="INFO">Opening browser 'firefox' to base url 'http://thedemosite.co.uk/'.</msg>
<msg timestamp="20210629 06:46:35.652" level="INFO">Firefox driver log is always forced to to: C:\Users\krmit\PycharmProjects\PythonLearn\geckodriver-1.log</msg>
<kw name="Capture Page Screenshot" library="SeleniumLibrary">
<doc>Takes a screenshot of the current page and embeds it into a log file.</doc>
<msg timestamp="20210629 06:46:41.547" level="INFO">Cannot capture screenshot because no browser is open.</msg>
<status status="PASS" starttime="20210629 06:46:41.546" endtime="20210629 06:46:41.547"/>
</kw>
<msg timestamp="20210629 06:46:41.556" level="FAIL">WebDriverException: Message: Process unexpectedly closed with status 0
</msg>
<status status="FAIL" starttime="20210629 06:46:35.650" endtime="20210629 06:46:41.557"/>
</kw>
<status status="FAIL" starttime="20210629 06:46:35.647" endtime="20210629 06:46:41.557">WebDriverException: Message: Process unexpectedly closed with status 0
</status>
</test>
<test id="s1-t2" name="Test database page">
<kw name="Wait Until Page Contains Element" library="SeleniumLibrary">
<arg>//a[contains(text(),'2. The Database')]</arg>
<doc>Waits until the element ``locator`` appears on the current page.</doc>
<kw name="Capture Page Screenshot" library="SeleniumLibrary">
<doc>Takes a screenshot of the current page and embeds it into a log file.</doc>
<msg timestamp="20210629 06:46:41.561" level="INFO">Cannot capture screenshot because no browser is open.</msg>
<status status="PASS" starttime="20210629 06:46:41.561" endtime="20210629 06:46:41.561"/>
</kw>
<msg timestamp="20210629 06:46:41.565" level="FAIL">No browser is open.</msg>
<status status="FAIL" starttime="20210629 06:46:41.560" endtime="20210629 06:46:41.566"/>
</kw>
<kw name="Click Element" library="SeleniumLibrary">
<arg>//a[contains(text(),'2. The Database')]</arg>
<doc>Click the element identified by ``locator``.</doc>
<status status="NOT RUN" starttime="20210629 06:46:41.566" endtime="20210629 06:46:41.566"/>
</kw>
<kw name="Wait Until Page Contains Element" library="SeleniumLibrary">
<arg>//strong[contains(text(),'2. The Database')]</arg>
<doc>Waits until the element ``locator`` appears on the current page.</doc>
<status status="NOT RUN" starttime="20210629 06:46:41.567" endtime="20210629 06:46:41.567"/>
</kw>
<kw name="Go Back" library="SeleniumLibrary">
<doc>Simulates the user clicking the back button on their browser.</doc>
<status status="NOT RUN" starttime="20210629 06:46:41.567" endtime="20210629 06:46:41.567"/>
</kw>
<status status="FAIL" starttime="20210629 06:46:41.559" endtime="20210629 06:46:41.569">No browser is open.</status>
</test>
<test id="s1-t3" name="Suite Teardown">
<kw name="Close All Browsers" library="SeleniumLibrary">
<doc>Closes all open browsers and resets the browser cache.</doc>
<status status="PASS" starttime="20210629 06:46:41.570" endtime="20210629 06:46:41.572"/>
</kw>
<status status="PASS" starttime="20210629 06:46:41.570" endtime="20210629 06:46:41.572"/>
</test>
<status status="FAIL" starttime="20210629 06:46:35.277" endtime="20210629 06:46:41.574"/>
</suite>
<statistics>
<total>
<stat pass="1" fail="2" skip="0">All Tests</stat>
</total>
<tag>
</tag>
<suite>
<stat pass="1" fail="2" skip="0" id="s1" name="Scratch">Scratch</stat>
</suite>
</statistics>
<errors>
</errors>
</robot>
